Starting Single Run, Sweeps and Corners...

Current time: Fri May 15 15:17:52 2026 
Best design point: 1
Design specs: 
	Project_top_tb_1	corner	Nominal - 
	VCM		26.25
	gain		19.28	Near
	bw		151.2	Yes
	Noise		45.5u	Near
Design parameters: 

Best design point: 2
Design specs: 
	Project_top_tb_1	corner	Nominal - 
	VCM		26.22
	gain		20.41	Yes
	bw		142.2	Yes
	Noise		45.08u	Near
Design parameters: 

Best design point: 3
Design specs: 
	Project_top_tb_1	corner	Nominal - 
	VCM		26.18
	gain		21.49	Yes
	bw		133.6	Yes
	Noise		44.72u	Near
Design parameters: 

Best design point: 4
Design specs: 
	Project_top_tb_1	corner	Nominal - 
	VCM		26.14
	gain		22.5	Yes
	bw		125.5	Yes
	Noise		44.41u	Yes
Design parameters: 

ExplorerRun.0
Number of points completed: 11
Number of simulation errors: 0
ExplorerRun.0 completed. 
Current time: Fri May 15 15:18:39 2026 
